{
  "result": "ERROR",
  "timestamp": "2026-02-12T18:04:38.575448",
  "error": {
    "message": "[Errno 22] Invalid argument",
    "type": "OSError",
    "stack_trace": "Traceback (most recent call last):\n  File \"C:\\Users\\haast\\Docker\\KRAI-minimal\\scripts\\production_test.py\", line 323, in _process_documents\n    self._generate_error_report(\n    ~~~~~~~~~~~~~~~~~~~~~~~~~~~^\n        RuntimeError(stage_result.get(\"error\", \"Stage failed.\")),\n        ^^^^^^^^^^^^^^^^^^^^^^^^^^^^^^^^^^^^^^^^^^^^^^^^^^^^^^^^^\n    ...<4 lines>...\n        },\n        ^^\n    )\n    ^\n  File \"C:\\Users\\haast\\Docker\\KRAI-minimal\\scripts\\production_test.py\", line 387, in _generate_error_report\n    self.console.print(f\"[red]Error report generated:[/red] {error_path}\")\n    ~~~~~~~~~~~~~~~~~~^^^^^^^^^^^^^^^^^^^^^^^^^^^^^^^^^^^^^^^^^^^^^^^^^^^^\n  File \"C:\\Users\\haast\\AppData\\Roaming\\Python\\Python313\\site-packages\\rich\\console.py\", line 1673, in print\n    with self:\n         ^^^^\n  File \"C:\\Users\\haast\\AppData\\Roaming\\Python\\Python313\\site-packages\\rich\\console.py\", line 865, in __exit__\n    self._exit_buffer()\n    ~~~~~~~~~~~~~~~~~^^\n  File \"C:\\Users\\haast\\AppData\\Roaming\\Python\\Python313\\site-packages\\rich\\console.py\", line 823, in _exit_buffer\n    self._check_buffer()\n    ~~~~~~~~~~~~~~~~~~^^\n  File \"C:\\Users\\haast\\AppData\\Roaming\\Python\\Python313\\site-packages\\rich\\console.py\", line 2027, in _check_buffer\n    legacy_windows_render(buffer, LegacyWindowsTerm(self.file))\n    ~~~~~~~~~~~~~~~~~~~~~^^^^^^^^^^^^^^^^^^^^^^^^^^^^^^^^^^^^^^\n  File \"C:\\Users\\haast\\AppData\\Roaming\\Python\\Python313\\site-packages\\rich\\_windows_renderer.py\", line 17, in legacy_windows_render\n    term.write_styled(text, style)\n    ~~~~~~~~~~~~~~~~~^^^^^^^^^^^^^\n  File \"C:\\Users\\haast\\AppData\\Roaming\\Python\\Python313\\site-packages\\rich\\_win32_console.py\", line 442, in write_styled\n    self.write_text(text)\n    ~~~~~~~~~~~~~~~^^^^^^\n  File \"C:\\Users\\haast\\AppData\\Roaming\\Python\\Python313\\site-packages\\rich\\_win32_console.py\", line 403, in write_text\n    self.write(text)\n    ~~~~~~~~~~^^^^^^\n  File \"<frozen codecs>\", line 381, in write\nOSError: [Errno 22] Invalid argument\n\nDuring handling of the above exception, another exception occurred:\n\nTraceback (most recent call last):\n  File \"C:\\Users\\haast\\Docker\\KRAI-minimal\\scripts\\production_test.py\", line 50, in run\n    document_ids = await self._process_documents()\n                   ^^^^^^^^^^^^^^^^^^^^^^^^^^^^^^^\n  File \"C:\\Users\\haast\\Docker\\KRAI-minimal\\scripts\\production_test.py\", line 256, in _process_documents\n    with progress as progress_instance:\n         ^^^^^^^^\n  File \"C:\\Users\\haast\\AppData\\Roaming\\Python\\Python313\\site-packages\\rich\\progress.py\", line 1177, in __exit__\n    self.stop()\n    ~~~~~~~~~^^\n  File \"C:\\Users\\haast\\AppData\\Roaming\\Python\\Python313\\site-packages\\rich\\progress.py\", line 1163, in stop\n    self.live.stop()\n    ~~~~~~~~~~~~~~^^\n  File \"C:\\Users\\haast\\AppData\\Roaming\\Python\\Python313\\site-packages\\rich\\live.py\", line 147, in stop\n    with self.console:\n         ^^^^^^^^^^^^\n  File \"C:\\Users\\haast\\AppData\\Roaming\\Python\\Python313\\site-packages\\rich\\console.py\", line 865, in __exit__\n    self._exit_buffer()\n    ~~~~~~~~~~~~~~~~~^^\n  File \"C:\\Users\\haast\\AppData\\Roaming\\Python\\Python313\\site-packages\\rich\\console.py\", line 823, in _exit_buffer\n    self._check_buffer()\n    ~~~~~~~~~~~~~~~~~~^^\n  File \"C:\\Users\\haast\\AppData\\Roaming\\Python\\Python313\\site-packages\\rich\\console.py\", line 2027, in _check_buffer\n    legacy_windows_render(buffer, LegacyWindowsTerm(self.file))\n    ~~~~~~~~~~~~~~~~~~~~~^^^^^^^^^^^^^^^^^^^^^^^^^^^^^^^^^^^^^^\n  File \"C:\\Users\\haast\\AppData\\Roaming\\Python\\Python313\\site-packages\\rich\\_windows_renderer.py\", line 17, in legacy_windows_render\n    term.write_styled(text, style)\n    ~~~~~~~~~~~~~~~~~^^^^^^^^^^^^^\n  File \"C:\\Users\\haast\\AppData\\Roaming\\Python\\Python313\\site-packages\\rich\\_win32_console.py\", line 442, in write_styled\n    self.write_text(text)\n    ~~~~~~~~~~~~~~~^^^^^^\n  File \"C:\\Users\\haast\\AppData\\Roaming\\Python\\Python313\\site-packages\\rich\\_win32_console.py\", line 403, in write_text\n    self.write(text)\n    ~~~~~~~~~~^^^^^^\n  File \"<frozen codecs>\", line 381, in write\nOSError: [Errno 22] Invalid argument\n"
  },
  "context": {
    "test_run_id": "test_20260212_175244",
    "document_ids": [
      "802cd8eb-1a18-482a-877b-3e72c7ac67ac"
    ],
    "pdf_paths": [
      "C:\\Firmwares\\HP\\HP_E877_CPMD.pdf",
      "C:\\Firmwares\\HP\\HP_E877_SM.pdf"
    ]
  }
}